<?xml version="1.0" encoding="UTF-8"?>
<testsuite xmlns:xsi="http://www.w3.org/2001/XMLSchema-instance" xsi:noNamespaceSchemaLocation="https://maven.apache.org/surefire/maven-surefire-plugin/xsd/surefire-test-report-3.0.xsd" version="3.0" name="io.helidon.examples.quickstart.mp.MainTest" time="6.161" tests="5" errors="0" skipped="0" failures="0">
  <properties>
    <property name="java.specification.version" value="17"/>
    <property name="sun.cpu.isalist" value="amd64"/>
    <property name="jersey.config.allowSystemPropertiesProvider" value="true"/>
    <property name="sun.jnu.encoding" value="Cp1252"/>
    <property name="java.class.path" value="C:\Users\akskumak\Desktop\helidon\helidon-quickstart-mp\target\test-classes;C:\Users\akskumak\Desktop\helidon\helidon-quickstart-mp\target\classes;C:\Users\akskumak\.m2\repository\io\helidon\microprofile\bundles\helidon-microprofile-core\3.0.1\helidon-microprofile-core-3.0.1.jar;C:\Users\akskumak\.m2\repository\io\helidon\microprofile\server\helidon-microprofile-server\3.0.1\helidon-microprofile-server-3.0.1.jar;C:\Users\akskumak\.m2\repository\io\helidon\microprofile\cdi\helidon-microprofile-cdi\3.0.1\helidon-microprofile-cdi-3.0.1.jar;C:\Users\akskumak\.m2\repository\io\helidon\microprofile\weld\weld-se-core\3.0.1\weld-se-core-3.0.1.jar;C:\Users\akskumak\.m2\repository\io\helidon\microprofile\weld\weld-core-impl\3.0.1\weld-core-impl-3.0.1.jar;C:\Users\akskumak\.m2\repository\org\jboss\weld\environment\weld-environment-common\4.0.2.Final\weld-environment-common-4.0.2.Final.jar;C:\Users\akskumak\.m2\repository\org\jboss\weld\weld-api\4.0.SP1\weld-api-4.0.SP1.jar;C:\Users\akskumak\.m2\repository\org\jboss\weld\weld-spi\4.0.SP1\weld-spi-4.0.SP1.jar;C:\Users\akskumak\.m2\repository\org\jboss\logging\jboss-logging\3.4.2.Final\jboss-logging-3.4.2.Final.jar;C:\Users\akskumak\.m2\repository\org\jboss\classfilewriter\jboss-classfilewriter\1.2.5.Final\jboss-classfilewriter-1.2.5.Final.jar;C:\Users\akskumak\.m2\repository\io\helidon\webserver\helidon-webserver\3.0.1\helidon-webserver-3.0.1.jar;C:\Users\akskumak\.m2\repository\io\helidon\common\helidon-common-reactive\3.0.1\helidon-common-reactive-3.0.1.jar;C:\Users\akskumak\.m2\repository\io\helidon\common\helidon-common-mapper\3.0.1\helidon-common-mapper-3.0.1.jar;C:\Users\akskumak\.m2\repository\io\helidon\media\helidon-media-common\3.0.1\helidon-media-common-3.0.1.jar;C:\Users\akskumak\.m2\repository\io\helidon\common\helidon-common-key-util\3.0.1\helidon-common-key-util-3.0.1.jar;C:\Users\akskumak\.m2\repository\io\helidon\logging\helidon-logging-common\3.0.1\helidon-logging-common-3.0.1.jar;C:\Users\akskumak\.m2\repository\io\helidon\tracing\helidon-tracing\3.0.1\helidon-tracing-3.0.1.jar;C:\Users\akskumak\.m2\repository\io\helidon\tracing\helidon-tracing-config\3.0.1\helidon-tracing-config-3.0.1.jar;C:\Users\akskumak\.m2\repository\io\netty\netty-codec-http\4.1.77.Final\netty-codec-http-4.1.77.Final.jar;C:\Users\akskumak\.m2\repository\io\netty\netty-common\4.1.77.Final\netty-common-4.1.77.Final.jar;C:\Users\akskumak\.m2\repository\io\netty\netty-transport\4.1.77.Final\netty-transport-4.1.77.Final.jar;C:\Users\akskumak\.m2\repository\io\netty\netty-codec\4.1.77.Final\netty-codec-4.1.77.Final.jar;C:\Users\akskumak\.m2\repository\io\netty\netty-handler\4.1.77.Final\netty-handler-4.1.77.Final.jar;C:\Users\akskumak\.m2\repository\io\netty\netty-resolver\4.1.77.Final\netty-resolver-4.1.77.Final.jar;C:\Users\akskumak\.m2\repository\io\helidon\webserver\helidon-webserver-static-content\3.0.1\helidon-webserver-static-content-3.0.1.jar;C:\Users\akskumak\.m2\repository\io\helidon\common\helidon-common-media-type\3.0.1\helidon-common-media-type-3.0.1.jar;C:\Users\akskumak\.m2\repository\io\helidon\webserver\helidon-webserver-jersey\3.0.1\helidon-webserver-jersey-3.0.1.jar;C:\Users\akskumak\.m2\repository\io\helidon\jersey\helidon-jersey-server\3.0.1\helidon-jersey-server-3.0.1.jar;C:\Users\akskumak\.m2\repository\org\glassfish\jersey\core\jersey-server\3.0.5\jersey-server-3.0.5.jar;C:\Users\akskumak\.m2\repository\jakarta\validation\jakarta.validation-api\3.0.0\jakarta.validation-api-3.0.0.jar;C:\Users\akskumak\.m2\repository\io\netty\netty-buffer\4.1.77.Final\netty-buffer-4.1.77.Final.jar;C:\Users\akskumak\.m2\repository\jakarta\interceptor\jakarta.interceptor-api\2.0.0\jakarta.interceptor-api-2.0.0.jar;C:\Users\akskumak\.m2\repository\jakarta\enterprise\jakarta.enterprise.cdi-api\3.0.0\jakarta.enterprise.cdi-api-3.0.0.jar;C:\Users\akskumak\.m2\repository\jakarta\el\jakarta.el-api\4.0.0\jakarta.el-api-4.0.0.jar;C:\Users\akskumak\.m2\repository\org\eclipse\parsson\parsson\1.0.2\parsson-1.0.2.jar;C:\Users\akskumak\.m2\repository\jakarta\json\jakarta.json-api\2.0.1\jakarta.json-api-2.0.1.jar;C:\Users\akskumak\.m2\repository\io\helidon\media\helidon-media-jsonp\3.0.1\helidon-media-jsonp-3.0.1.jar;C:\Users\akskumak\.m2\repository\io\helidon\config\helidon-config-yaml\3.0.1\helidon-config-yaml-3.0.1.jar;C:\Users\akskumak\.m2\repository\org\glassfish\jersey\ext\cdi\jersey-weld2-se\3.0.5\jersey-weld2-se-3.0.5.jar;C:\Users\akskumak\.m2\repository\org\glassfish\jersey\ext\cdi\jersey-cdi1x\3.0.5\jersey-cdi1x-3.0.5.jar;C:\Users\akskumak\.m2\repository\io\helidon\jersey\helidon-jersey-media-jsonp\3.0.1\helidon-jersey-media-jsonp-3.0.1.jar;C:\Users\akskumak\.m2\repository\org\glassfish\jersey\media\jersey-media-json-processing\3.0.5\jersey-media-json-processing-3.0.5.jar;C:\Users\akskumak\.m2\repository\org\eclipse\parsson\parsson-media\1.0.2\parsson-media-1.0.2.jar;C:\Users\akskumak\.m2\repository\io\helidon\microprofile\config\helidon-microprofile-config\3.0.1\helidon-microprofile-config-3.0.1.jar;C:\Users\akskumak\.m2\repository\io\helidon\config\helidon-config-mp\3.0.1\helidon-config-mp-3.0.1.jar;C:\Users\akskumak\.m2\repository\io\helidon\config\helidon-config-encryption\3.0.1\helidon-config-encryption-3.0.1.jar;C:\Users\akskumak\.m2\repository\io\helidon\common\helidon-common-crypto\3.0.1\helidon-common-crypto-3.0.1.jar;C:\Users\akskumak\.m2\repository\io\helidon\config\helidon-config-object-mapping\3.0.1\helidon-config-object-mapping-3.0.1.jar;C:\Users\akskumak\.m2\repository\io\helidon\microprofile\openapi\helidon-microprofile-openapi\3.0.1\helidon-microprofile-openapi-3.0.1.jar;C:\Users\akskumak\.m2\repository\org\eclipse\microprofile\config\microprofile-config-api\3.0.1\microprofile-config-api-3.0.1.jar;C:\Users\akskumak\.m2\repository\io\helidon\openapi\helidon-openapi\3.0.1\helidon-openapi-3.0.1.jar;C:\Users\akskumak\.m2\repository\io\smallrye\smallrye-open-api-core\2.1.16\smallrye-open-api-core-2.1.16.jar;C:\Users\akskumak\.m2\repository\io\smallrye\smallrye-open-api-jaxrs\2.1.16\smallrye-open-api-jaxrs-2.1.16.jar;C:\Users\akskumak\.m2\repository\org\eclipse\yasson\2.0.4\yasson-2.0.4.jar;C:\Users\akskumak\.m2\repository\jakarta\json\bind\jakarta.json.bind-api\2.0.0\jakarta.json.bind-api-2.0.0.jar;C:\Users\akskumak\.m2\repository\org\glassfish\jakarta.json\2.0.0\jakarta.json-2.0.0-module.jar;C:\Users\akskumak\.m2\repository\org\yaml\snakeyaml\1.30\snakeyaml-1.30.jar;C:\Users\akskumak\.m2\repository\io\helidon\config\helidon-config\3.0.1\helidon-config-3.0.1.jar;C:\Users\akskumak\.m2\repository\org\eclipse\microprofile\openapi\microprofile-openapi-api\3.0\microprofile-openapi-api-3.0.jar;C:\Users\akskumak\.m2\repository\io\helidon\webserver\helidon-webserver-cors\3.0.1\helidon-webserver-cors-3.0.1.jar;C:\Users\akskumak\.m2\repository\org\eclipse\microprofile\metrics\microprofile-metrics-api\4.0\microprofile-metrics-api-4.0.jar;C:\Users\akskumak\.m2\repository\io\helidon\microprofile\metrics\helidon-microprofile-metrics\3.0.1\helidon-microprofile-metrics-3.0.1.jar;C:\Users\akskumak\.m2\repository\io\helidon\common\helidon-common\3.0.1\helidon-common-3.0.1.jar;C:\Users\akskumak\.m2\repository\io\helidon\service-common\helidon-service-common-rest-cdi\3.0.1\helidon-service-common-rest-cdi-3.0.1.jar;C:\Users\akskumak\.m2\repository\io\helidon\service-common\helidon-service-common-rest\3.0.1\helidon-service-common-rest-3.0.1.jar;C:\Users\akskumak\.m2\repository\io\helidon\metrics\helidon-metrics-api\3.0.1\helidon-metrics-api-3.0.1.jar;C:\Users\akskumak\.m2\repository\io\helidon\common\helidon-common-http\3.0.1\helidon-common-http-3.0.1.jar;C:\Users\akskumak\.m2\repository\io\helidon\metrics\helidon-metrics-service-api\3.0.1\helidon-metrics-service-api-3.0.1.jar;C:\Users\akskumak\.m2\repository\io\helidon\common\helidon-common-service-loader\3.0.1\helidon-common-service-loader-3.0.1.jar;C:\Users\akskumak\.m2\repository\jakarta\annotation\jakarta.annotation-api\2.0.0\jakarta.annotation-api-2.0.0.jar;C:\Users\akskumak\.m2\repository\io\helidon\metrics\helidon-metrics\3.0.1\helidon-metrics-3.0.1.jar;C:\Users\akskumak\.m2\repository\io\helidon\common\helidon-common-configurable\3.0.1\helidon-common-configurable-3.0.1.jar;C:\Users\akskumak\.m2\repository\io\helidon\microprofile\health\helidon-microprofile-health\3.0.1\helidon-microprofile-health-3.0.1.jar;C:\Users\akskumak\.m2\repository\io\helidon\health\helidon-health\3.0.1\helidon-health-3.0.1.jar;C:\Users\akskumak\.m2\repository\io\helidon\fault-tolerance\helidon-fault-tolerance\3.0.1\helidon-fault-tolerance-3.0.1.jar;C:\Users\akskumak\.m2\repository\org\eclipse\microprofile\health\microprofile-health-api\4.0\microprofile-health-api-4.0.jar;C:\Users\akskumak\.m2\repository\io\helidon\health\helidon-health-common\3.0.1\helidon-health-common-3.0.1.jar;C:\Users\akskumak\.m2\repository\com\fasterxml\jackson\core\jackson-databind\2.13.2.2\jackson-databind-2.13.2.2.jar;C:\Users\akskumak\.m2\repository\com\fasterxml\jackson\core\jackson-annotations\2.13.2\jackson-annotations-2.13.2.jar;C:\Users\akskumak\.m2\repository\com\fasterxml\jackson\core\jackson-core\2.13.2\jackson-core-2.13.2.jar;C:\Users\akskumak\.m2\repository\org\glassfish\jersey\media\jersey-media-json-jackson\3.0.5\jersey-media-json-jackson-3.0.5.jar;C:\Users\akskumak\.m2\repository\org\glassfish\jersey\core\jersey-common\3.0.5\jersey-common-3.0.5.jar;C:\Users\akskumak\.m2\repository\jakarta\ws\rs\jakarta.ws.rs-api\3.0.0\jakarta.ws.rs-api-3.0.0.jar;C:\Users\akskumak\.m2\repository\jakarta\inject\jakarta.inject-api\2.0.0\jakarta.inject-api-2.0.0.jar;C:\Users\akskumak\.m2\repository\org\glassfish\hk2\osgi-resource-locator\1.0.3\osgi-resource-locator-1.0.3.jar;C:\Users\akskumak\.m2\repository\org\glassfish\jersey\ext\jersey-entity-filtering\3.0.5\jersey-entity-filtering-3.0.5.jar;C:\Users\akskumak\.m2\repository\com\fasterxml\jackson\module\jackson-module-jakarta-xmlbind-annotations\2.13.2\jackson-module-jakarta-xmlbind-annotations-2.13.2.jar;C:\Users\akskumak\.m2\repository\com\sun\activation\jakarta.activation\2.0.1\jakarta.activation-2.0.1.jar;C:\Users\akskumak\.m2\repository\jakarta\xml\bind\jakarta.xml.bind-api\3.0.1\jakarta.xml.bind-api-3.0.1.jar;C:\Users\akskumak\.m2\repository\org\jboss\jandex\2.4.3.Final\jandex-2.4.3.Final.jar;C:\Users\akskumak\.m2\repository\jakarta\activation\jakarta.activation-api\2.0.1\jakarta.activation-api-2.0.1.jar;C:\Users\akskumak\.m2\repository\org\junit\jupiter\junit-jupiter-api\5.7.0\junit-jupiter-api-5.7.0.jar;C:\Users\akskumak\.m2\repository\org\apiguardian\apiguardian-api\1.1.0\apiguardian-api-1.1.0.jar;C:\Users\akskumak\.m2\repository\org\opentest4j\opentest4j\1.2.0\opentest4j-1.2.0.jar;C:\Users\akskumak\.m2\repository\org\junit\platform\junit-platform-commons\1.7.0\junit-platform-commons-1.7.0.jar;C:\Users\akskumak\.m2\repository\io\helidon\microprofile\tests\helidon-microprofile-tests-junit5\3.0.1\helidon-microprofile-tests-junit5-3.0.1.jar;C:\Users\akskumak\.m2\repository\io\helidon\jersey\helidon-jersey-client\3.0.1\helidon-jersey-client-3.0.1.jar;C:\Users\akskumak\.m2\repository\org\glassfish\jersey\core\jersey-client\3.0.5\jersey-client-3.0.5.jar;C:\Users\akskumak\.m2\repository\org\glassfish\jersey\inject\jersey-hk2\3.0.5\jersey-hk2-3.0.5.jar;C:\Users\akskumak\.m2\repository\org\glassfish\hk2\hk2-locator\3.0.3\hk2-locator-3.0.3.jar;C:\Users\akskumak\.m2\repository\org\glassfish\hk2\external\aopalliance-repackaged\3.0.3\aopalliance-repackaged-3.0.3.jar;C:\Users\akskumak\.m2\repository\org\glassfish\hk2\hk2-api\3.0.3\hk2-api-3.0.3.jar;C:\Users\akskumak\.m2\repository\org\glassfish\hk2\hk2-utils\3.0.3\hk2-utils-3.0.3.jar;C:\Users\akskumak\.m2\repository\org\javassist\javassist\3.28.0-GA\javassist-3.28.0-GA.jar;C:\Users\akskumak\.m2\repository\io\helidon\common\helidon-common-context\3.0.1\helidon-common-context-3.0.1.jar;C:\Users\akskumak\.m2\repository\io\helidon\config\helidon-config-yaml-mp\3.0.1\helidon-config-yaml-mp-3.0.1.jar;C:\Users\akskumak\.m2\repository\org\hamcrest\hamcrest-all\1.3\hamcrest-all-1.3.jar;"/>
    <property name="java.vm.vendor" value="Oracle Corporation"/>
    <property name="sun.arch.data.model" value="64"/>
    <property name="user.variant" value=""/>
    <property name="java.vendor.url" value="https://java.oracle.com/"/>
    <property name="user.timezone" value="Asia/Calcutta"/>
    <property name="os.name" value="Windows 10"/>
    <property name="java.vm.specification.version" value="17"/>
    <property name="sun.java.launcher" value="SUN_STANDARD"/>
    <property name="user.country" value="US"/>
    <property name="sun.boot.library.path" value="C:\Program Files\Java\jdk-17.0.4.1\bin"/>
    <property name="sun.java.command" value="C:\Users\akskumak\AppData\Local\Temp\surefire62141599289133870\surefirebooter8325870383801449306.jar C:\Users\akskumak\AppData\Local\Temp\surefire62141599289133870 2022-09-06T13-56-30_445-jvmRun1 surefire15297021075155974889tmp surefire_017316336962611819739tmp"/>
    <property name="jdk.debug" value="release"/>
    <property name="surefire.test.class.path" value="C:\Users\akskumak\Desktop\helidon\helidon-quickstart-mp\target\test-classes;C:\Users\akskumak\Desktop\helidon\helidon-quickstart-mp\target\classes;C:\Users\akskumak\.m2\repository\io\helidon\microprofile\bundles\helidon-microprofile-core\3.0.1\helidon-microprofile-core-3.0.1.jar;C:\Users\akskumak\.m2\repository\io\helidon\microprofile\server\helidon-microprofile-server\3.0.1\helidon-microprofile-server-3.0.1.jar;C:\Users\akskumak\.m2\repository\io\helidon\microprofile\cdi\helidon-microprofile-cdi\3.0.1\helidon-microprofile-cdi-3.0.1.jar;C:\Users\akskumak\.m2\repository\io\helidon\microprofile\weld\weld-se-core\3.0.1\weld-se-core-3.0.1.jar;C:\Users\akskumak\.m2\repository\io\helidon\microprofile\weld\weld-core-impl\3.0.1\weld-core-impl-3.0.1.jar;C:\Users\akskumak\.m2\repository\org\jboss\weld\environment\weld-environment-common\4.0.2.Final\weld-environment-common-4.0.2.Final.jar;C:\Users\akskumak\.m2\repository\org\jboss\weld\weld-api\4.0.SP1\weld-api-4.0.SP1.jar;C:\Users\akskumak\.m2\repository\org\jboss\weld\weld-spi\4.0.SP1\weld-spi-4.0.SP1.jar;C:\Users\akskumak\.m2\repository\org\jboss\logging\jboss-logging\3.4.2.Final\jboss-logging-3.4.2.Final.jar;C:\Users\akskumak\.m2\repository\org\jboss\classfilewriter\jboss-classfilewriter\1.2.5.Final\jboss-classfilewriter-1.2.5.Final.jar;C:\Users\akskumak\.m2\repository\io\helidon\webserver\helidon-webserver\3.0.1\helidon-webserver-3.0.1.jar;C:\Users\akskumak\.m2\repository\io\helidon\common\helidon-common-reactive\3.0.1\helidon-common-reactive-3.0.1.jar;C:\Users\akskumak\.m2\repository\io\helidon\common\helidon-common-mapper\3.0.1\helidon-common-mapper-3.0.1.jar;C:\Users\akskumak\.m2\repository\io\helidon\media\helidon-media-common\3.0.1\helidon-media-common-3.0.1.jar;C:\Users\akskumak\.m2\repository\io\helidon\common\helidon-common-key-util\3.0.1\helidon-common-key-util-3.0.1.jar;C:\Users\akskumak\.m2\repository\io\helidon\logging\helidon-logging-common\3.0.1\helidon-logging-common-3.0.1.jar;C:\Users\akskumak\.m2\repository\io\helidon\tracing\helidon-tracing\3.0.1\helidon-tracing-3.0.1.jar;C:\Users\akskumak\.m2\repository\io\helidon\tracing\helidon-tracing-config\3.0.1\helidon-tracing-config-3.0.1.jar;C:\Users\akskumak\.m2\repository\io\netty\netty-codec-http\4.1.77.Final\netty-codec-http-4.1.77.Final.jar;C:\Users\akskumak\.m2\repository\io\netty\netty-common\4.1.77.Final\netty-common-4.1.77.Final.jar;C:\Users\akskumak\.m2\repository\io\netty\netty-transport\4.1.77.Final\netty-transport-4.1.77.Final.jar;C:\Users\akskumak\.m2\repository\io\netty\netty-codec\4.1.77.Final\netty-codec-4.1.77.Final.jar;C:\Users\akskumak\.m2\repository\io\netty\netty-handler\4.1.77.Final\netty-handler-4.1.77.Final.jar;C:\Users\akskumak\.m2\repository\io\netty\netty-resolver\4.1.77.Final\netty-resolver-4.1.77.Final.jar;C:\Users\akskumak\.m2\repository\io\helidon\webserver\helidon-webserver-static-content\3.0.1\helidon-webserver-static-content-3.0.1.jar;C:\Users\akskumak\.m2\repository\io\helidon\common\helidon-common-media-type\3.0.1\helidon-common-media-type-3.0.1.jar;C:\Users\akskumak\.m2\repository\io\helidon\webserver\helidon-webserver-jersey\3.0.1\helidon-webserver-jersey-3.0.1.jar;C:\Users\akskumak\.m2\repository\io\helidon\jersey\helidon-jersey-server\3.0.1\helidon-jersey-server-3.0.1.jar;C:\Users\akskumak\.m2\repository\org\glassfish\jersey\core\jersey-server\3.0.5\jersey-server-3.0.5.jar;C:\Users\akskumak\.m2\repository\jakarta\validation\jakarta.validation-api\3.0.0\jakarta.validation-api-3.0.0.jar;C:\Users\akskumak\.m2\repository\io\netty\netty-buffer\4.1.77.Final\netty-buffer-4.1.77.Final.jar;C:\Users\akskumak\.m2\repository\jakarta\interceptor\jakarta.interceptor-api\2.0.0\jakarta.interceptor-api-2.0.0.jar;C:\Users\akskumak\.m2\repository\jakarta\enterprise\jakarta.enterprise.cdi-api\3.0.0\jakarta.enterprise.cdi-api-3.0.0.jar;C:\Users\akskumak\.m2\repository\jakarta\el\jakarta.el-api\4.0.0\jakarta.el-api-4.0.0.jar;C:\Users\akskumak\.m2\repository\org\eclipse\parsson\parsson\1.0.2\parsson-1.0.2.jar;C:\Users\akskumak\.m2\repository\jakarta\json\jakarta.json-api\2.0.1\jakarta.json-api-2.0.1.jar;C:\Users\akskumak\.m2\repository\io\helidon\media\helidon-media-jsonp\3.0.1\helidon-media-jsonp-3.0.1.jar;C:\Users\akskumak\.m2\repository\io\helidon\config\helidon-config-yaml\3.0.1\helidon-config-yaml-3.0.1.jar;C:\Users\akskumak\.m2\repository\org\glassfish\jersey\ext\cdi\jersey-weld2-se\3.0.5\jersey-weld2-se-3.0.5.jar;C:\Users\akskumak\.m2\repository\org\glassfish\jersey\ext\cdi\jersey-cdi1x\3.0.5\jersey-cdi1x-3.0.5.jar;C:\Users\akskumak\.m2\repository\io\helidon\jersey\helidon-jersey-media-jsonp\3.0.1\helidon-jersey-media-jsonp-3.0.1.jar;C:\Users\akskumak\.m2\repository\org\glassfish\jersey\media\jersey-media-json-processing\3.0.5\jersey-media-json-processing-3.0.5.jar;C:\Users\akskumak\.m2\repository\org\eclipse\parsson\parsson-media\1.0.2\parsson-media-1.0.2.jar;C:\Users\akskumak\.m2\repository\io\helidon\microprofile\config\helidon-microprofile-config\3.0.1\helidon-microprofile-config-3.0.1.jar;C:\Users\akskumak\.m2\repository\io\helidon\config\helidon-config-mp\3.0.1\helidon-config-mp-3.0.1.jar;C:\Users\akskumak\.m2\repository\io\helidon\config\helidon-config-encryption\3.0.1\helidon-config-encryption-3.0.1.jar;C:\Users\akskumak\.m2\repository\io\helidon\common\helidon-common-crypto\3.0.1\helidon-common-crypto-3.0.1.jar;C:\Users\akskumak\.m2\repository\io\helidon\config\helidon-config-object-mapping\3.0.1\helidon-config-object-mapping-3.0.1.jar;C:\Users\akskumak\.m2\repository\io\helidon\microprofile\openapi\helidon-microprofile-openapi\3.0.1\helidon-microprofile-openapi-3.0.1.jar;C:\Users\akskumak\.m2\repository\org\eclipse\microprofile\config\microprofile-config-api\3.0.1\microprofile-config-api-3.0.1.jar;C:\Users\akskumak\.m2\repository\io\helidon\openapi\helidon-openapi\3.0.1\helidon-openapi-3.0.1.jar;C:\Users\akskumak\.m2\repository\io\smallrye\smallrye-open-api-core\2.1.16\smallrye-open-api-core-2.1.16.jar;C:\Users\akskumak\.m2\repository\io\smallrye\smallrye-open-api-jaxrs\2.1.16\smallrye-open-api-jaxrs-2.1.16.jar;C:\Users\akskumak\.m2\repository\org\eclipse\yasson\2.0.4\yasson-2.0.4.jar;C:\Users\akskumak\.m2\repository\jakarta\json\bind\jakarta.json.bind-api\2.0.0\jakarta.json.bind-api-2.0.0.jar;C:\Users\akskumak\.m2\repository\org\glassfish\jakarta.json\2.0.0\jakarta.json-2.0.0-module.jar;C:\Users\akskumak\.m2\repository\org\yaml\snakeyaml\1.30\snakeyaml-1.30.jar;C:\Users\akskumak\.m2\repository\io\helidon\config\helidon-config\3.0.1\helidon-config-3.0.1.jar;C:\Users\akskumak\.m2\repository\org\eclipse\microprofile\openapi\microprofile-openapi-api\3.0\microprofile-openapi-api-3.0.jar;C:\Users\akskumak\.m2\repository\io\helidon\webserver\helidon-webserver-cors\3.0.1\helidon-webserver-cors-3.0.1.jar;C:\Users\akskumak\.m2\repository\org\eclipse\microprofile\metrics\microprofile-metrics-api\4.0\microprofile-metrics-api-4.0.jar;C:\Users\akskumak\.m2\repository\io\helidon\microprofile\metrics\helidon-microprofile-metrics\3.0.1\helidon-microprofile-metrics-3.0.1.jar;C:\Users\akskumak\.m2\repository\io\helidon\common\helidon-common\3.0.1\helidon-common-3.0.1.jar;C:\Users\akskumak\.m2\repository\io\helidon\service-common\helidon-service-common-rest-cdi\3.0.1\helidon-service-common-rest-cdi-3.0.1.jar;C:\Users\akskumak\.m2\repository\io\helidon\service-common\helidon-service-common-rest\3.0.1\helidon-service-common-rest-3.0.1.jar;C:\Users\akskumak\.m2\repository\io\helidon\metrics\helidon-metrics-api\3.0.1\helidon-metrics-api-3.0.1.jar;C:\Users\akskumak\.m2\repository\io\helidon\common\helidon-common-http\3.0.1\helidon-common-http-3.0.1.jar;C:\Users\akskumak\.m2\repository\io\helidon\metrics\helidon-metrics-service-api\3.0.1\helidon-metrics-service-api-3.0.1.jar;C:\Users\akskumak\.m2\repository\io\helidon\common\helidon-common-service-loader\3.0.1\helidon-common-service-loader-3.0.1.jar;C:\Users\akskumak\.m2\repository\jakarta\annotation\jakarta.annotation-api\2.0.0\jakarta.annotation-api-2.0.0.jar;C:\Users\akskumak\.m2\repository\io\helidon\metrics\helidon-metrics\3.0.1\helidon-metrics-3.0.1.jar;C:\Users\akskumak\.m2\repository\io\helidon\common\helidon-common-configurable\3.0.1\helidon-common-configurable-3.0.1.jar;C:\Users\akskumak\.m2\repository\io\helidon\microprofile\health\helidon-microprofile-health\3.0.1\helidon-microprofile-health-3.0.1.jar;C:\Users\akskumak\.m2\repository\io\helidon\health\helidon-health\3.0.1\helidon-health-3.0.1.jar;C:\Users\akskumak\.m2\repository\io\helidon\fault-tolerance\helidon-fault-tolerance\3.0.1\helidon-fault-tolerance-3.0.1.jar;C:\Users\akskumak\.m2\repository\org\eclipse\microprofile\health\microprofile-health-api\4.0\microprofile-health-api-4.0.jar;C:\Users\akskumak\.m2\repository\io\helidon\health\helidon-health-common\3.0.1\helidon-health-common-3.0.1.jar;C:\Users\akskumak\.m2\repository\com\fasterxml\jackson\core\jackson-databind\2.13.2.2\jackson-databind-2.13.2.2.jar;C:\Users\akskumak\.m2\repository\com\fasterxml\jackson\core\jackson-annotations\2.13.2\jackson-annotations-2.13.2.jar;C:\Users\akskumak\.m2\repository\com\fasterxml\jackson\core\jackson-core\2.13.2\jackson-core-2.13.2.jar;C:\Users\akskumak\.m2\repository\org\glassfish\jersey\media\jersey-media-json-jackson\3.0.5\jersey-media-json-jackson-3.0.5.jar;C:\Users\akskumak\.m2\repository\org\glassfish\jersey\core\jersey-common\3.0.5\jersey-common-3.0.5.jar;C:\Users\akskumak\.m2\repository\jakarta\ws\rs\jakarta.ws.rs-api\3.0.0\jakarta.ws.rs-api-3.0.0.jar;C:\Users\akskumak\.m2\repository\jakarta\inject\jakarta.inject-api\2.0.0\jakarta.inject-api-2.0.0.jar;C:\Users\akskumak\.m2\repository\org\glassfish\hk2\osgi-resource-locator\1.0.3\osgi-resource-locator-1.0.3.jar;C:\Users\akskumak\.m2\repository\org\glassfish\jersey\ext\jersey-entity-filtering\3.0.5\jersey-entity-filtering-3.0.5.jar;C:\Users\akskumak\.m2\repository\com\fasterxml\jackson\module\jackson-module-jakarta-xmlbind-annotations\2.13.2\jackson-module-jakarta-xmlbind-annotations-2.13.2.jar;C:\Users\akskumak\.m2\repository\com\sun\activation\jakarta.activation\2.0.1\jakarta.activation-2.0.1.jar;C:\Users\akskumak\.m2\repository\jakarta\xml\bind\jakarta.xml.bind-api\3.0.1\jakarta.xml.bind-api-3.0.1.jar;C:\Users\akskumak\.m2\repository\org\jboss\jandex\2.4.3.Final\jandex-2.4.3.Final.jar;C:\Users\akskumak\.m2\repository\jakarta\activation\jakarta.activation-api\2.0.1\jakarta.activation-api-2.0.1.jar;C:\Users\akskumak\.m2\repository\org\junit\jupiter\junit-jupiter-api\5.7.0\junit-jupiter-api-5.7.0.jar;C:\Users\akskumak\.m2\repository\org\apiguardian\apiguardian-api\1.1.0\apiguardian-api-1.1.0.jar;C:\Users\akskumak\.m2\repository\org\opentest4j\opentest4j\1.2.0\opentest4j-1.2.0.jar;C:\Users\akskumak\.m2\repository\org\junit\platform\junit-platform-commons\1.7.0\junit-platform-commons-1.7.0.jar;C:\Users\akskumak\.m2\repository\io\helidon\microprofile\tests\helidon-microprofile-tests-junit5\3.0.1\helidon-microprofile-tests-junit5-3.0.1.jar;C:\Users\akskumak\.m2\repository\io\helidon\jersey\helidon-jersey-client\3.0.1\helidon-jersey-client-3.0.1.jar;C:\Users\akskumak\.m2\repository\org\glassfish\jersey\core\jersey-client\3.0.5\jersey-client-3.0.5.jar;C:\Users\akskumak\.m2\repository\org\glassfish\jersey\inject\jersey-hk2\3.0.5\jersey-hk2-3.0.5.jar;C:\Users\akskumak\.m2\repository\org\glassfish\hk2\hk2-locator\3.0.3\hk2-locator-3.0.3.jar;C:\Users\akskumak\.m2\repository\org\glassfish\hk2\external\aopalliance-repackaged\3.0.3\aopalliance-repackaged-3.0.3.jar;C:\Users\akskumak\.m2\repository\org\glassfish\hk2\hk2-api\3.0.3\hk2-api-3.0.3.jar;C:\Users\akskumak\.m2\repository\org\glassfish\hk2\hk2-utils\3.0.3\hk2-utils-3.0.3.jar;C:\Users\akskumak\.m2\repository\org\javassist\javassist\3.28.0-GA\javassist-3.28.0-GA.jar;C:\Users\akskumak\.m2\repository\io\helidon\common\helidon-common-context\3.0.1\helidon-common-context-3.0.1.jar;C:\Users\akskumak\.m2\repository\io\helidon\config\helidon-config-yaml-mp\3.0.1\helidon-config-yaml-mp-3.0.1.jar;C:\Users\akskumak\.m2\repository\org\hamcrest\hamcrest-all\1.3\hamcrest-all-1.3.jar;"/>
    <property name="sun.cpu.endian" value="little"/>
    <property name="user.home" value="C:\Users\akskumak"/>
    <property name="user.language" value="en"/>
    <property name="java.specification.vendor" value="Oracle Corporation"/>
    <property name="io.netty.allocator.maxOrder" value="6"/>
    <property name="java.version.date" value="2022-08-18"/>
    <property name="java.home" value="C:\Program Files\Java\jdk-17.0.4.1"/>
    <property name="file.separator" value="\"/>
    <property name="basedir" value="C:\Users\akskumak\Desktop\helidon\helidon-quickstart-mp"/>
    <property name="java.vm.compressedOopsMode" value="Zero based"/>
    <property name="line.separator" value="&#10;"/>
    <property name="java.vm.specification.vendor" value="Oracle Corporation"/>
    <property name="java.specification.name" value="Java Platform API Specification"/>
    <property name="surefire.real.class.path" value="C:\Users\akskumak\AppData\Local\Temp\surefire62141599289133870\surefirebooter8325870383801449306.jar"/>
    <property name="user.script" value=""/>
    <property name="java.util.logging.config.file" value="C:\Users\akskumak\Desktop\helidon\helidon-quickstart-mp\target\classes/logging.properties"/>
    <property name="sun.management.compiler" value="HotSpot 64-Bit Tiered Compilers"/>
    <property name="java.runtime.version" value="17.0.4.1+1-LTS-2"/>
    <property name="user.name" value="akskumak"/>
    <property name="path.separator" value=";"/>
    <property name="os.version" value="10.0"/>
    <property name="java.runtime.name" value="Java(TM) SE Runtime Environment"/>
    <property name="file.encoding" value="Cp1252"/>
    <property name="java.vm.name" value="Java HotSpot(TM) 64-Bit Server VM"/>
    <property name="localRepository" value="C:\Users\akskumak\.m2\repository"/>
    <property name="jersey.config.client.ignoreExceptionResponse" value="true"/>
    <property name="java.vendor.url.bug" value="https://bugreport.java.com/bugreport/"/>
    <property name="java.io.tmpdir" value="C:\Users\akskumak\AppData\Local\Temp\"/>
    <property name="java.version" value="17.0.4.1"/>
    <property name="user.dir" value="C:\Users\akskumak\Desktop\helidon\helidon-quickstart-mp"/>
    <property name="os.arch" value="amd64"/>
    <property name="java.vm.specification.name" value="Java Virtual Machine Specification"/>
    <property name="sun.os.patch.level" value=""/>
    <property name="native.encoding" value="Cp1252"/>
    <property name="java.library.path" value="C:\Program Files\Java\jdk-17.0.4.1\bin;C:\windows\Sun\Java\bin;C:\windows\system32;C:\windows;C:\Program Files\Java\jdk-17.0.4.1\bin;C:\Program Files\Common Files\Oracle\Java\javapath;C:\Program Files (x86)\Common Files\Oracle\Java\javapath;C:\windows\system32;C:\windows;C:\windows\System32\Wbem;C:\windows\System32\WindowsPowerShell\v1.0\;C:\windows\System32\OpenSSH\;C:\Program Files\nodejs\;C:\Program Files\MongoDB\Server\5.0\bin;C:\Users\akskumak\Downloads\apache-maven-3.8.5-bin\apache-maven-3.8.5\bin;C:\Program Files\Git\cmd;C:\Program Files\Docker\Docker\resources\bin;C:\ProgramData\DockerDesktop\version-bin;C:\Users\akskumak\AppData\Local\Microsoft\WindowsApps;;C:\Users\akskumak\AppData\Local\Programs\Microsoft VS Code\bin;C:\Program Files\JetBrains\IntelliJ IDEA Community Edition 2021.3.3\bin;;C:\Users\akskumak\AppData\Roaming\npm;."/>
    <property name="java.vm.info" value="mixed mode, sharing"/>
    <property name="java.vendor" value="Oracle Corporation"/>
    <property name="java.vm.version" value="17.0.4.1+1-LTS-2"/>
    <property name="sun.io.unicode.encoding" value="UnicodeLittle"/>
    <property name="java.class.version" value="61.0"/>
  </properties>
  <testcase name="testGreet" classname="io.helidon.examples.quickstart.mp.MainTest" time="0.742">
    <system-out><![CDATA[2022.09.06 13:56:34 INFO io.helidon.common.LogConfig Thread[main,5,main]: Logging at initialization configured using C:\Users\akskumak\Desktop\helidon\helidon-quickstart-mp\target\classes\logging.properties
2022.09.06 13:56:35 INFO io.helidon.microprofile.server.ServerCdiExtension Thread[main,5,main]: Registering JAX-RS Application: HelidonMP
2022.09.06 13:56:37 INFO io.helidon.webserver.NettyWebServer Thread[nioEventLoopGroup-2-1,10,main]: Channel '@default' started: [id: 0x85b94e61, L:/[0:0:0:0:0:0:0:0]:65195]
2022.09.06 13:56:37 INFO io.helidon.microprofile.server.ServerCdiExtension Thread[main,5,main]: Server started on http://localhost:65195 (and all other host addresses) in 5802 milliseconds (since JVM startup).
2022.09.06 13:56:37 INFO io.helidon.common.HelidonFeatures Thread[features-thread,5,main]: Helidon MP 3.0.1 features: [CDI, Config, Health, JAX-RS, Metrics, Open API, Server]
]]></system-out>
  </testcase>
  <testcase name="testGreetings" classname="io.helidon.examples.quickstart.mp.MainTest" time="0.059"/>
  <testcase name="testHealth" classname="io.helidon.examples.quickstart.mp.MainTest" time="0.05"/>
  <testcase name="testMetrics" classname="io.helidon.examples.quickstart.mp.MainTest" time="0.033"/>
  <testcase name="testMicroprofileMetrics" classname="io.helidon.examples.quickstart.mp.MainTest" time="0.043"/>
</testsuite>